============================= test session starts =============================
platform win32 -- Python 3.10.0, pytest-8.3.5, pluggy-1.5.0
rootdir: C:\Users\roger.naef\Documents\guided-domain-solver
plugins: anyio-4.9.0, langsmith-0.4.4, cov-6.1.1
collected 42 items

..\tests\agents\test_agent_ollama.py ..                                  [  4%]
..\tests\environment\test_environment.py .....                           [ 16%]
..\tests\environment\test_util.py .......                                [ 33%]
..\tests\environment\test_visualization.py .....                         [ 45%]
..\tests\knowledge_graph\test_client_neo4j.py .....                      [ 57%]
..\tests\knowledge_graph\test_environment_graph.py ....                  [ 66%]
..\tests\knowledge_graph\test_knowledge_graph.py ....                    [ 76%]
..\tests\knowledge_graph\test_path_graph.py .....                        [ 88%]
..\tests\mcts\test_mcts.py .....                                         [100%]

=============================== tests coverage ================================
_______________ coverage: platform win32, python 3.10.0-final-0 _______________

Name                                   Stmts   Miss  Cover
----------------------------------------------------------
agents\agent_ollama.py                    31      0   100%
environment\const.py                       5      0   100%
environment\environment.py                36      0   100%
environment\util.py                       69      0   100%
environment\visualization.py             146      1    99%
knowledge_graph\client_neo4j.py           49      0   100%
knowledge_graph\environment_graph.py     108      0   100%
knowledge_graph\graph_interface.py        11      2    82%
knowledge_graph\knowledge_graph.py        26      0   100%
knowledge_graph\path_graph.py             59      0   100%
mcts\backprop.py                           4      0   100%
mcts\expansion.py                         54      1    98%
mcts\mcts.py                              74      0   100%
mcts\selection.py                          6      1    83%
mcts\simulation.py                        12      0   100%
mcts\state.py                             30      0   100%
----------------------------------------------------------
TOTAL                                    720      5    99%
======================= 42 passed in 126.52s (0:02:06) ========================
