============================= test session starts =============================
platform win32 -- Python 3.10.0, pytest-8.3.5, pluggy-1.5.0
rootdir: C:\Users\roger\Documents\Projekte\vm-code-generation-with-knowledge-graph\00_src
plugins: anyio-4.9.0, cov-6.1.1
collected 7 items

tests\knowlegde_graph\test_client_neo4j.py ....                          [ 57%]
tests\knowlegde_graph\test_knowledge_graph.py ...                        [100%]

=============================== tests coverage ================================
_______________ coverage: platform win32, python 3.10.0-final-0 _______________

Name                                 Stmts   Miss  Cover
--------------------------------------------------------
knowledge_graph\client_neo4j.py         36      0   100%
knowledge_graph\knowledge_graph.py     103      0   100%
--------------------------------------------------------
TOTAL                                  139      0   100%
======================== 7 passed in 267.83s (0:04:27) ========================
